
<!DOCTYPE html>
<html>


<head>
	<meta charset='UTF-8' /> 
	<meta name='description' content='' />
	<meta name='robots' content='noodp, noydir' />
	<meta name='viewport' content='width=device-width, initial-scale=1' />
	<meta id="timeStampFormat" name="timeStampFormat" content='MMM d, yyyy hh:mm:ss a'/>
	
	<link href='https://fonts.googleapis.com/css?family=Source+Sans+Pro:400,600' rel='stylesheet' type='text/css'>
	<link href="https://fonts.googleapis.com/icon?family=Material+Icons" rel="stylesheet">

		<link href='https://cdn.rawgit.com/anshooarora/extentreports-java/b4a58fcfd1e137bd9287244035a7c80d3d73b3af/dist/css/extent.css' type='text/css' rel='stylesheet' />
	
	<title>Cucumber Report</title>

	<style type='text/css'>
			
            

      
        
	</style>
</head>

	<body class='extent dark default hide-overflow bdd-report'>
		<div id='theme-selector' alt='Click to toggle theme. To enable by default, use theme configuration.' title='Click to toggle theme. To enable by default, use theme configuration.'>
			<span><i class='material-icons'>desktop_windows</i></span>
		</div>

<nav>
	<div class="nav-wrapper">
		<a href="#!" class="brand-logo blue darken-3">Extent</a>

		<!-- slideout menu -->
		<ul id='slide-out' class='side-nav fixed hide-on-med-and-down'>
			<li class='waves-effect active'><a href='#!' view='test-view' onclick="configureView(0);chartsView('test');"><i class='material-icons'>dashboard</i></a></li>
						<li class='waves-effect'><a href='#!' view='category-view' onclick="configureView(1)"><i class='material-icons'>label_outline</i></a></li>
				<li class='waves-effect'><a href='#!' view='author-view' onclick="configureView(3)"><i class='material-icons'>person</i></a></li>
			<li class='waves-effect'><a href='#!' view='exception-view' onclick="configureView(2)"><i class='material-icons'>bug_report</i></a></li>
			<li class='waves-effect'><a href='#!' onclick="configureView(-1);chartsView('dashboard');" view='dashboard-view'><i class='material-icons'>track_changes</i></i></a></li>
		</ul>

		<!-- report name -->
		<span class='report-name'>CV Library UK - Cucumber Framework</span>
		
		<!-- report headline -->
		<span class='report-headline'></span>

		<!-- nav-right -->
		<ul id='nav-mobile' class='right hide-on-med-and-down nav-right'>
			<li>
                <a href='#!'>
                    <span class='label suite-start-time blue darken-3'>May 20, 2022 01:14:59 PM</span>
				</a>
			</li>
			<li>
                <a href='#!'>
                    <span class='label blue darken-3'>3.1.2</span>
				</a>
			</li>
		</ul>
	</div>
</nav>

		<!-- container -->
		<div class='container'>

<div id='test-view' class='view'>
				
	<section id='controls'>
		<div class='controls grey lighten-4'>
			<!-- test toggle -->
			<div class='chip transparent'>
				<a class='dropdown-button tests-toggle' data-activates='tests-toggle' data-constrainwidth='true' data-beloworigin='true' data-hover='true' href='#'>
					<i class='material-icons'>warning</i> Status
				</a>
				<ul id='tests-toggle' class='dropdown-content'>
											<li status='pass'><a href='#!'>Pass <i class='material-icons green-text'>check_circle</i></a></li>
						<li status='fail'><a href='#!'>Fail <i class='material-icons red-text'>cancel</i></a></li>
					<li class='divider'></li>
					<li status='clear' clear='true'><a href='#!'>Clear Filters <i class='material-icons'>clear</i></a></li>
				</ul>
			</div>
			<!-- test toggle -->

			<!-- category toggle -->
			<div class='chip transparent'>
				<a class='dropdown-button category-toggle' data-activates='category-toggle' data-constrainwidth='false' data-beloworigin='true' data-hover='true' href='#'>
					<i class='material-icons'>local_offer</i> Category
				</a>
				<ul id='category-toggle' class='dropdown-content'>
					<li><a href='#'>@Regression</a></li>
					<li class='divider'></li>
					<li class='clear'><a href='#!' clear='true'>Clear Filters</a></li>
				</ul>
			</div>
			<!-- category toggle -->

			<!-- clear filters -->
			<div class='chip transparent hide'>
				<a class='' id='clear-filters' alt='Clear Filters' title='Clear Filters'>
					<i class='material-icons'>close</i> Clear
				</a>
			</div>
			<!-- clear filters -->

			<!-- enable dashboard -->
			<div id='toggle-test-view-charts' class='chip transparent'>
				<a class='pink-text' id='enable-dashboard' alt='Enable Dashboard' title='Enable Dashboard'>
					<i class='material-icons'>track_changes</i> Dashboard
				</a>
			</div>
			<!-- enable dashboard -->

			<!-- search -->
			<div class='chip transparent' alt='Search Tests' title='Search Tests'>
				<a href="#" class='search-div'>
					<i class='material-icons'>search</i> Search
				</a>

				<div class='input-field left hide'>
					<input id='search-tests' type='text' class='validate browser-default' placeholder='Search Tests...'>
				</div>
				
			</div>
			<!-- search -->
		</div>
	</section>


<div id='test-view-charts' class='subview-full'>
	<div id='charts-row' class='row nm-v nm-h'>
		<div class='col s12 m4 l4 np-h'>
			<div class='card-panel nm-v'>
				<div class='left panel-name'>Features</div>
				<div class='chart-box'>
					<canvas id='parent-analysis' width='100' height='80'></canvas>
				</div>
				<div class='block text-small'>
					<span class='tooltipped' data-position='top' data-tooltip='0%'><span class='strong'>0</span> feature(s) passed</span>
				</div>
				<div class='block text-small'>
					<span class='strong tooltipped' data-position='top' data-tooltip='100%'>1</span> feature(s) failed, <span class='strong tooltipped' data-position='top' data-tooltip='0%'>0</span> others
				</div>
			</div>
		</div>
		
		<div class='col s12 m4 l4 np-h'>
			<div class='card-panel nm-v'>
				<div class='left panel-name'>Scenarios</div>
				<div class='chart-box'>
					<canvas id='child-analysis' width='100' height='80'></canvas>
				</div>
				<div class='block text-small'>
					<span class='tooltipped' data-position='top' data-tooltip='0%'><span class='strong'>0</span> scenario(s) passed</span>
				</div>
				<div class='block text-small'>
					<span class='strong tooltipped' data-position='top' data-tooltip='100%'>7</span> scenario(s) failed, <span class='strong tooltipped' data-position='top' data-tooltip='0%'>0</span> others
				</div>
			</div>
		</div>
		
		<div class='col s12 m4 l4 np-h'>
			<div class='card-panel nm-v'>
				<div class='left panel-name'>Steps</div>
				<div class='chart-box'>
					<canvas id='grandchild-analysis' width='100' height='80'></canvas>
				</div>
				<div class='block text-small'>
					<span class='tooltipped' data-position='top' data-tooltip='90.909%'><span class='strong'>70</span> step(s) passed</span>
				</div>
				<div class='block text-small'>
					<span class='strong tooltipped' data-position='top' data-tooltip='9.091%'>7</span> step(s) failed, <span class='strong tooltipped' data-position='top' data-tooltip='0%'>0</span> others
				</div>
			</div>
		</div>
	</div>
</div>

	<div class='subview-left left'>
		
		<div class='view-summary'>
			<h5>Features</h5>
			<ul id='test-collection' class='test-collection'>
				
				
				<li class='test displayed active has-leaf fail' status='fail' bdd='true' test-id='1'>
					<div class='test-heading'>
						<span class='test-name'>Job Search Test</span>
						<span class='test-time'>May 20, 2022 01:14:59 PM</span>
						<span class='test-status right fail'>fail</span>
					</div>
					<div class='test-content hide'>
<div class='scenariooutline node' test-id='2' status='fail'>
	<span class='duration right label'>0h 6m 12s+523ms</span>
	<div class='desc'>
		<b>ScenarioOutline</b>
		<span class="desc-text">Verify user should be ablt to search job successfully</span>
	</div>
	<ul class='steps'>
		<li test-id='3' class='node scenario fail' status='fail'>
			<div class='category-list'>
				<span class='category label white-text'>@Regression</span>
			</div>
			
			<b>Scenario</b>
			
			<span class="bdd-step-name">Verify user should be ablt to search job successfully</span>
			
				<ul class='steps'>
					<li test-id='4' class='node then pass' status='pass'><b>Then</b>
						<span class="bdd-step-name">Then I accept cookies</span>
							<div class='pre'>passed</div>
					</li>
					<li test-id='5' class='node when pass' status='pass'><b>When</b>
						<span class="bdd-step-name">When I enter "Software Tester" in job title field</span>
							<div class='pre'>passed</div>
					</li>
					<li test-id='6' class='node and pass' status='pass'><b>And</b>
						<span class="bdd-step-name">And I enter "Crawley" in location field</span>
							<div class='pre'>passed</div>
					</li>
					<li test-id='7' class='node and pass' status='pass'><b>And</b>
						<span class="bdd-step-name">And I select "up to 5 miles" in the distance field</span>
							<div class='pre'>passed</div>
					</li>
					<li test-id='8' class='node and pass' status='pass'><b>And</b>
						<span class="bdd-step-name">And I click on the More Search Option Link</span>
							<div class='pre'>passed</div>
					</li>
					<li test-id='9' class='node and pass' status='pass'><b>And</b>
						<span class="bdd-step-name">And I enter "30000" data in the minimum salary field</span>
							<div class='pre'>passed</div>
					</li>
					<li test-id='10' class='node and pass' status='pass'><b>And</b>
						<span class="bdd-step-name">And I enter "50000" data in the maximum salary field</span>
							<div class='pre'>passed</div>
					</li>
					<li test-id='11' class='node and pass' status='pass'><b>And</b>
						<span class="bdd-step-name">And I select the "Per annum" salary type</span>
							<div class='pre'>passed</div>
					</li>
					<li test-id='12' class='node and pass' status='pass'><b>And</b>
						<span class="bdd-step-name">And I select the "Permanent" job type</span>
							<div class='pre'>passed</div>
					</li>
					<li test-id='13' class='node and pass' status='pass'><b>And</b>
						<span class="bdd-step-name">And I click on the Find Jobs Button</span>
							<div class='pre'>passed</div>
					</li>
					<li test-id='14' class='node then fail' status='fail'><b>Then</b>
						<span class="bdd-step-name">Then I verify the Result "Permanent Software Tester jobs in Crawley"</span>
						<ul class='screenshots right'>
							<li><a data-featherlight="image" href="C:\Users\Sairam12\IdeaProjects\cv.library.cucumber.week15/src/main/java/screenshots/Verify_user_should_be_ablt_to_search_job_successfully20220520011556.png"><i class='material-icons'>panorama</i></a></li>
						</ul>
							<div class='pre'><pre>org.openqa.selenium.NoSuchElementException: no such element: Unable to locate element: {"method":"xpath","selector":"//div[@class='search-header__title']"}
  (Session info: chrome=101.0.4951.67)
For documentation on this error, please visit: https://selenium.dev/exceptions/#no_such_element
Build info: version: '4.1.3', revision: '7b1ebf28ef'
System info: host: 'RISHABH', ip: '192.168.0.15', os.name: 'Windows 10', os.arch: 'amd64', os.version: '10.0', java.version: '1.8.0_121'
Driver info: org.openqa.selenium.chrome.ChromeDriver
Command: [eb6a355618745d7540982d87708c92b0, findElement {using=xpath, value=//div[@class='search-header__title']}]
Capabilities {acceptInsecureCerts: false, browserName: chrome, browserVersion: 101.0.4951.67, chrome: {chromedriverVersion: 101.0.4951.41 (93c720db8323..., userDataDir: C:\Users\Sairam12\AppData\L...}, goog:chromeOptions: {debuggerAddress: localhost:65079}, javascriptEnabled: true, networkConnectionEnabled: false, pageLoadStrategy: normal, platform: WINDOWS, platformName: WINDOWS, proxy: Proxy(), se:cdp: ws://localhost:65079/devtoo..., se:cdpVersion: 101.0.4951.67, setWindowRect: true, strictFileInteractability: false, timeouts: {implicit: 0, pageLoad: 300000, script: 30000}, unhandledPromptBehavior: dismiss and notify, webauthn:extension:credBlob: true, webauthn:extension:largeBlob: true, webauthn:virtualAuthenticators: true}
Session ID: eb6a355618745d7540982d87708c92b0
	at sun.reflect.NativeConstructorAccessorImpl.newInstance0(Native Method)
	at sun.reflect.NativeConstructorAccessorImpl.newInstance(NativeConstructorAccessorImpl.java:62)
	at sun.reflect.DelegatingConstructorAccessorImpl.newInstance(DelegatingConstructorAccessorImpl.java:45)
	at java.lang.reflect.Constructor.newInstance(Constructor.java:423)
	at org.openqa.selenium.remote.codec.w3c.W3CHttpResponseCodec.createException(W3CHttpResponseCodec.java:200)
	at org.openqa.selenium.remote.codec.w3c.W3CHttpResponseCodec.decode(W3CHttpResponseCodec.java:133)
	at org.openqa.selenium.remote.codec.w3c.W3CHttpResponseCodec.decode(W3CHttpResponseCodec.java:53)
	at org.openqa.selenium.remote.HttpCommandExecutor.execute(HttpCommandExecutor.java:184)
	at org.openqa.selenium.remote.service.DriverCommandExecutor.invokeExecute(DriverCommandExecutor.java:167)
	at org.openqa.selenium.remote.service.DriverCommandExecutor.execute(DriverCommandExecutor.java:142)
	at org.openqa.selenium.remote.RemoteWebDriver.execute(RemoteWebDriver.java:567)
	at org.openqa.selenium.remote.ElementLocation$ElementFinder$2.findElement(ElementLocation.java:162)
	at org.openqa.selenium.remote.ElementLocation.findElement(ElementLocation.java:60)
	at org.openqa.selenium.remote.RemoteWebDriver.findElement(RemoteWebDriver.java:385)
	at org.openqa.selenium.remote.RemoteWebDriver.findElement(RemoteWebDriver.java:377)
	at org.openqa.selenium.support.pagefactory.DefaultElementLocator.findElement(DefaultElementLocator.java:70)
	at org.openqa.selenium.support.pagefactory.internal.LocatingElementHandler.invoke(LocatingElementHandler.java:39)
	at com.sun.proxy.$Proxy22.getText(Unknown Source)
	at uk.co.library.utility.Utility.getTextFromElement(Utility.java:41)
	at uk.co.library.utility.Utility.verifyElementText(Utility.java:351)
	at uk.co.library.pages.ResultPage.verifyTheResults(ResultPage.java:33)
	at uk.co.library.steps.JobSearchTestSteps.iVerifyTheResult(JobSearchTestSteps.java:62)
	at ✽.Then I verify the Result "Permanent Software Tester jobs in Crawley"(JobSearchTest.feature:17)
</pre></div>
					</li>
				</ul>
		</li>
		<li test-id='15' class='node scenario fail' status='fail'>
			<div class='category-list'>
				<span class='category label white-text'>@Regression</span>
			</div>
			
			<b>Scenario</b>
			
			<span class="bdd-step-name">Verify user should be ablt to search job successfully</span>
			
				<ul class='steps'>
					<li test-id='16' class='node then pass' status='pass'><b>Then</b>
						<span class="bdd-step-name">Then I accept cookies</span>
							<div class='pre'>passed</div>
					</li>
					<li test-id='17' class='node when pass' status='pass'><b>When</b>
						<span class="bdd-step-name">When I enter "Software Automation Tester" in job title field</span>
							<div class='pre'>passed</div>
					</li>
					<li test-id='18' class='node and pass' status='pass'><b>And</b>
						<span class="bdd-step-name">And I enter "Harrow" in location field</span>
							<div class='pre'>passed</div>
					</li>
					<li test-id='19' class='node and pass' status='pass'><b>And</b>
						<span class="bdd-step-name">And I select "up to 15 miles" in the distance field</span>
							<div class='pre'>passed</div>
					</li>
					<li test-id='20' class='node and pass' status='pass'><b>And</b>
						<span class="bdd-step-name">And I click on the More Search Option Link</span>
							<div class='pre'>passed</div>
					</li>
					<li test-id='21' class='node and pass' status='pass'><b>And</b>
						<span class="bdd-step-name">And I enter "30000" data in the minimum salary field</span>
							<div class='pre'>passed</div>
					</li>
					<li test-id='22' class='node and pass' status='pass'><b>And</b>
						<span class="bdd-step-name">And I enter "60000" data in the maximum salary field</span>
							<div class='pre'>passed</div>
					</li>
					<li test-id='23' class='node and pass' status='pass'><b>And</b>
						<span class="bdd-step-name">And I select the "Per annum" salary type</span>
							<div class='pre'>passed</div>
					</li>
					<li test-id='24' class='node and pass' status='pass'><b>And</b>
						<span class="bdd-step-name">And I select the "Contract" job type</span>
							<div class='pre'>passed</div>
					</li>
					<li test-id='25' class='node and pass' status='pass'><b>And</b>
						<span class="bdd-step-name">And I click on the Find Jobs Button</span>
							<div class='pre'>passed</div>
					</li>
					<li test-id='26' class='node then fail' status='fail'><b>Then</b>
						<span class="bdd-step-name">Then I verify the Result "Contract Software Automation Tester jobs in Harrow on the Hill"</span>
						<ul class='screenshots right'>
							<li><a data-featherlight="image" href="C:\Users\Sairam12\IdeaProjects\cv.library.cucumber.week15/src/main/java/screenshots/Verify_user_should_be_ablt_to_search_job_successfully20220520011647.png"><i class='material-icons'>panorama</i></a></li>
						</ul>
							<div class='pre'><pre>org.openqa.selenium.NoSuchElementException: no such element: Unable to locate element: {"method":"xpath","selector":"//div[@class='search-header__title']"}
  (Session info: chrome=101.0.4951.67)
For documentation on this error, please visit: https://selenium.dev/exceptions/#no_such_element
Build info: version: '4.1.3', revision: '7b1ebf28ef'
System info: host: 'RISHABH', ip: '192.168.0.15', os.name: 'Windows 10', os.arch: 'amd64', os.version: '10.0', java.version: '1.8.0_121'
Driver info: org.openqa.selenium.chrome.ChromeDriver
Command: [04f42ef2fe2dc7a6dc47fcfb21299ecb, findElement {using=xpath, value=//div[@class='search-header__title']}]
Capabilities {acceptInsecureCerts: false, browserName: chrome, browserVersion: 101.0.4951.67, chrome: {chromedriverVersion: 101.0.4951.41 (93c720db8323..., userDataDir: C:\Users\Sairam12\AppData\L...}, goog:chromeOptions: {debuggerAddress: localhost:65261}, javascriptEnabled: true, networkConnectionEnabled: false, pageLoadStrategy: normal, platform: WINDOWS, platformName: WINDOWS, proxy: Proxy(), se:cdp: ws://localhost:65261/devtoo..., se:cdpVersion: 101.0.4951.67, setWindowRect: true, strictFileInteractability: false, timeouts: {implicit: 0, pageLoad: 300000, script: 30000}, unhandledPromptBehavior: dismiss and notify, webauthn:extension:credBlob: true, webauthn:extension:largeBlob: true, webauthn:virtualAuthenticators: true}
Session ID: 04f42ef2fe2dc7a6dc47fcfb21299ecb
	at sun.reflect.NativeConstructorAccessorImpl.newInstance0(Native Method)
	at sun.reflect.NativeConstructorAccessorImpl.newInstance(NativeConstructorAccessorImpl.java:62)
	at sun.reflect.DelegatingConstructorAccessorImpl.newInstance(DelegatingConstructorAccessorImpl.java:45)
	at java.lang.reflect.Constructor.newInstance(Constructor.java:423)
	at org.openqa.selenium.remote.codec.w3c.W3CHttpResponseCodec.createException(W3CHttpResponseCodec.java:200)
	at org.openqa.selenium.remote.codec.w3c.W3CHttpResponseCodec.decode(W3CHttpResponseCodec.java:133)
	at org.openqa.selenium.remote.codec.w3c.W3CHttpResponseCodec.decode(W3CHttpResponseCodec.java:53)
	at org.openqa.selenium.remote.HttpCommandExecutor.execute(HttpCommandExecutor.java:184)
	at org.openqa.selenium.remote.service.DriverCommandExecutor.invokeExecute(DriverCommandExecutor.java:167)
	at org.openqa.selenium.remote.service.DriverCommandExecutor.execute(DriverCommandExecutor.java:142)
	at org.openqa.selenium.remote.RemoteWebDriver.execute(RemoteWebDriver.java:567)
	at org.openqa.selenium.remote.ElementLocation$ElementFinder$2.findElement(ElementLocation.java:162)
	at org.openqa.selenium.remote.ElementLocation.findElement(ElementLocation.java:60)
	at org.openqa.selenium.remote.RemoteWebDriver.findElement(RemoteWebDriver.java:385)
	at org.openqa.selenium.remote.RemoteWebDriver.findElement(RemoteWebDriver.java:377)
	at org.openqa.selenium.support.pagefactory.DefaultElementLocator.findElement(DefaultElementLocator.java:70)
	at org.openqa.selenium.support.pagefactory.internal.LocatingElementHandler.invoke(LocatingElementHandler.java:39)
	at com.sun.proxy.$Proxy22.getText(Unknown Source)
	at uk.co.library.utility.Utility.getTextFromElement(Utility.java:41)
	at uk.co.library.utility.Utility.verifyElementText(Utility.java:351)
	at uk.co.library.pages.ResultPage.verifyTheResults(ResultPage.java:33)
	at uk.co.library.steps.JobSearchTestSteps.iVerifyTheResult(JobSearchTestSteps.java:62)
	at ✽.Then I verify the Result "Contract Software Automation Tester jobs in Harrow on the Hill"(JobSearchTest.feature:17)
</pre></div>
					</li>
				</ul>
		</li>
		<li test-id='27' class='node scenario fail' status='fail'>
			<div class='category-list'>
				<span class='category label white-text'>@Regression</span>
			</div>
			
			<b>Scenario</b>
			
			<span class="bdd-step-name">Verify user should be ablt to search job successfully</span>
			
				<ul class='steps'>
					<li test-id='28' class='node then pass' status='pass'><b>Then</b>
						<span class="bdd-step-name">Then I accept cookies</span>
							<div class='pre'>passed</div>
					</li>
					<li test-id='29' class='node when pass' status='pass'><b>When</b>
						<span class="bdd-step-name">When I enter "Manual Software Tester" in job title field</span>
							<div class='pre'>passed</div>
					</li>
					<li test-id='30' class='node and pass' status='pass'><b>And</b>
						<span class="bdd-step-name">And I enter "West Sussex" in location field</span>
							<div class='pre'>passed</div>
					</li>
					<li test-id='31' class='node and pass' status='pass'><b>And</b>
						<span class="bdd-step-name">And I select "up to 7 miles" in the distance field</span>
							<div class='pre'>passed</div>
					</li>
					<li test-id='32' class='node and pass' status='pass'><b>And</b>
						<span class="bdd-step-name">And I click on the More Search Option Link</span>
							<div class='pre'>passed</div>
					</li>
					<li test-id='33' class='node and pass' status='pass'><b>And</b>
						<span class="bdd-step-name">And I enter "30000" data in the minimum salary field</span>
							<div class='pre'>passed</div>
					</li>
					<li test-id='34' class='node and pass' status='pass'><b>And</b>
						<span class="bdd-step-name">And I enter "60000" data in the maximum salary field</span>
							<div class='pre'>passed</div>
					</li>
					<li test-id='35' class='node and pass' status='pass'><b>And</b>
						<span class="bdd-step-name">And I select the "Per annum" salary type</span>
							<div class='pre'>passed</div>
					</li>
					<li test-id='36' class='node and pass' status='pass'><b>And</b>
						<span class="bdd-step-name">And I select the "Any" job type</span>
							<div class='pre'>passed</div>
					</li>
					<li test-id='37' class='node and pass' status='pass'><b>And</b>
						<span class="bdd-step-name">And I click on the Find Jobs Button</span>
							<div class='pre'>passed</div>
					</li>
					<li test-id='38' class='node then fail' status='fail'><b>Then</b>
						<span class="bdd-step-name">Then I verify the Result "Manual Software Tester jobs in West Sussex"</span>
						<ul class='screenshots right'>
							<li><a data-featherlight="image" href="C:\Users\Sairam12\IdeaProjects\cv.library.cucumber.week15/src/main/java/screenshots/Verify_user_should_be_ablt_to_search_job_successfully20220520011742.png"><i class='material-icons'>panorama</i></a></li>
						</ul>
							<div class='pre'><pre>org.openqa.selenium.NoSuchElementException: no such element: Unable to locate element: {"method":"xpath","selector":"//div[@class='search-header__title']"}
  (Session info: chrome=101.0.4951.67)
For documentation on this error, please visit: https://selenium.dev/exceptions/#no_such_element
Build info: version: '4.1.3', revision: '7b1ebf28ef'
System info: host: 'RISHABH', ip: '192.168.0.15', os.name: 'Windows 10', os.arch: 'amd64', os.version: '10.0', java.version: '1.8.0_121'
Driver info: org.openqa.selenium.chrome.ChromeDriver
Command: [fcc4c1679c24544a897cf939d1558682, findElement {using=xpath, value=//div[@class='search-header__title']}]
Capabilities {acceptInsecureCerts: false, browserName: chrome, browserVersion: 101.0.4951.67, chrome: {chromedriverVersion: 101.0.4951.41 (93c720db8323..., userDataDir: C:\Users\Sairam12\AppData\L...}, goog:chromeOptions: {debuggerAddress: localhost:65466}, javascriptEnabled: true, networkConnectionEnabled: false, pageLoadStrategy: normal, platform: WINDOWS, platformName: WINDOWS, proxy: Proxy(), se:cdp: ws://localhost:65466/devtoo..., se:cdpVersion: 101.0.4951.67, setWindowRect: true, strictFileInteractability: false, timeouts: {implicit: 0, pageLoad: 300000, script: 30000}, unhandledPromptBehavior: dismiss and notify, webauthn:extension:credBlob: true, webauthn:extension:largeBlob: true, webauthn:virtualAuthenticators: true}
Session ID: fcc4c1679c24544a897cf939d1558682
	at sun.reflect.NativeConstructorAccessorImpl.newInstance0(Native Method)
	at sun.reflect.NativeConstructorAccessorImpl.newInstance(NativeConstructorAccessorImpl.java:62)
	at sun.reflect.DelegatingConstructorAccessorImpl.newInstance(DelegatingConstructorAccessorImpl.java:45)
	at java.lang.reflect.Constructor.newInstance(Constructor.java:423)
	at org.openqa.selenium.remote.codec.w3c.W3CHttpResponseCodec.createException(W3CHttpResponseCodec.java:200)
	at org.openqa.selenium.remote.codec.w3c.W3CHttpResponseCodec.decode(W3CHttpResponseCodec.java:133)
	at org.openqa.selenium.remote.codec.w3c.W3CHttpResponseCodec.decode(W3CHttpResponseCodec.java:53)
	at org.openqa.selenium.remote.HttpCommandExecutor.execute(HttpCommandExecutor.java:184)
	at org.openqa.selenium.remote.service.DriverCommandExecutor.invokeExecute(DriverCommandExecutor.java:167)
	at org.openqa.selenium.remote.service.DriverCommandExecutor.execute(DriverCommandExecutor.java:142)
	at org.openqa.selenium.remote.RemoteWebDriver.execute(RemoteWebDriver.java:567)
	at org.openqa.selenium.remote.ElementLocation$ElementFinder$2.findElement(ElementLocation.java:162)
	at org.openqa.selenium.remote.ElementLocation.findElement(ElementLocation.java:60)
	at org.openqa.selenium.remote.RemoteWebDriver.findElement(RemoteWebDriver.java:385)
	at org.openqa.selenium.remote.RemoteWebDriver.findElement(RemoteWebDriver.java:377)
	at org.openqa.selenium.support.pagefactory.DefaultElementLocator.findElement(DefaultElementLocator.java:70)
	at org.openqa.selenium.support.pagefactory.internal.LocatingElementHandler.invoke(LocatingElementHandler.java:39)
	at com.sun.proxy.$Proxy22.getText(Unknown Source)
	at uk.co.library.utility.Utility.getTextFromElement(Utility.java:41)
	at uk.co.library.utility.Utility.verifyElementText(Utility.java:351)
	at uk.co.library.pages.ResultPage.verifyTheResults(ResultPage.java:33)
	at uk.co.library.steps.JobSearchTestSteps.iVerifyTheResult(JobSearchTestSteps.java:62)
	at ✽.Then I verify the Result "Manual Software Tester jobs in West Sussex"(JobSearchTest.feature:17)
</pre></div>
					</li>
				</ul>
		</li>
		<li test-id='39' class='node scenario fail' status='fail'>
			<div class='category-list'>
				<span class='category label white-text'>@Regression</span>
			</div>
			
			<b>Scenario</b>
			
			<span class="bdd-step-name">Verify user should be ablt to search job successfully</span>
			
				<ul class='steps'>
					<li test-id='40' class='node then pass' status='pass'><b>Then</b>
						<span class="bdd-step-name">Then I accept cookies</span>
							<div class='pre'>passed</div>
					</li>
					<li test-id='41' class='node when pass' status='pass'><b>When</b>
						<span class="bdd-step-name">When I enter "Retail Manager" in job title field</span>
							<div class='pre'>passed</div>
					</li>
					<li test-id='42' class='node and pass' status='pass'><b>And</b>
						<span class="bdd-step-name">And I enter "Horley" in location field</span>
							<div class='pre'>passed</div>
					</li>
					<li test-id='43' class='node and pass' status='pass'><b>And</b>
						<span class="bdd-step-name">And I select "up to 25 miles" in the distance field</span>
							<div class='pre'>passed</div>
					</li>
					<li test-id='44' class='node and pass' status='pass'><b>And</b>
						<span class="bdd-step-name">And I click on the More Search Option Link</span>
							<div class='pre'>passed</div>
					</li>
					<li test-id='45' class='node and pass' status='pass'><b>And</b>
						<span class="bdd-step-name">And I enter "30000" data in the minimum salary field</span>
							<div class='pre'>passed</div>
					</li>
					<li test-id='46' class='node and pass' status='pass'><b>And</b>
						<span class="bdd-step-name">And I enter "50000" data in the maximum salary field</span>
							<div class='pre'>passed</div>
					</li>
					<li test-id='47' class='node and pass' status='pass'><b>And</b>
						<span class="bdd-step-name">And I select the "Per annum" salary type</span>
							<div class='pre'>passed</div>
					</li>
					<li test-id='48' class='node and pass' status='pass'><b>And</b>
						<span class="bdd-step-name">And I select the "Permanent" job type</span>
							<div class='pre'>passed</div>
					</li>
					<li test-id='49' class='node and pass' status='pass'><b>And</b>
						<span class="bdd-step-name">And I click on the Find Jobs Button</span>
							<div class='pre'>passed</div>
					</li>
					<li test-id='50' class='node then fail' status='fail'><b>Then</b>
						<span class="bdd-step-name">Then I verify the Result "Permanent Retail Manager jobs in Horley"</span>
						<ul class='screenshots right'>
							<li><a data-featherlight="image" href="C:\Users\Sairam12\IdeaProjects\cv.library.cucumber.week15/src/main/java/screenshots/Verify_user_should_be_ablt_to_search_job_successfully20220520011832.png"><i class='material-icons'>panorama</i></a></li>
						</ul>
							<div class='pre'><pre>org.openqa.selenium.NoSuchElementException: no such element: Unable to locate element: {"method":"xpath","selector":"//div[@class='search-header__title']"}
  (Session info: chrome=101.0.4951.67)
For documentation on this error, please visit: https://selenium.dev/exceptions/#no_such_element
Build info: version: '4.1.3', revision: '7b1ebf28ef'
System info: host: 'RISHABH', ip: '192.168.0.15', os.name: 'Windows 10', os.arch: 'amd64', os.version: '10.0', java.version: '1.8.0_121'
Driver info: org.openqa.selenium.chrome.ChromeDriver
Command: [ea2d1aea1f4564cf505693c0f049bdcd, findElement {using=xpath, value=//div[@class='search-header__title']}]
Capabilities {acceptInsecureCerts: false, browserName: chrome, browserVersion: 101.0.4951.67, chrome: {chromedriverVersion: 101.0.4951.41 (93c720db8323..., userDataDir: C:\Users\Sairam12\AppData\L...}, goog:chromeOptions: {debuggerAddress: localhost:58727}, javascriptEnabled: true, networkConnectionEnabled: false, pageLoadStrategy: normal, platform: WINDOWS, platformName: WINDOWS, proxy: Proxy(), se:cdp: ws://localhost:58727/devtoo..., se:cdpVersion: 101.0.4951.67, setWindowRect: true, strictFileInteractability: false, timeouts: {implicit: 0, pageLoad: 300000, script: 30000}, unhandledPromptBehavior: dismiss and notify, webauthn:extension:credBlob: true, webauthn:extension:largeBlob: true, webauthn:virtualAuthenticators: true}
Session ID: ea2d1aea1f4564cf505693c0f049bdcd
	at sun.reflect.NativeConstructorAccessorImpl.newInstance0(Native Method)
	at sun.reflect.NativeConstructorAccessorImpl.newInstance(NativeConstructorAccessorImpl.java:62)
	at sun.reflect.DelegatingConstructorAccessorImpl.newInstance(DelegatingConstructorAccessorImpl.java:45)
	at java.lang.reflect.Constructor.newInstance(Constructor.java:423)
	at org.openqa.selenium.remote.codec.w3c.W3CHttpResponseCodec.createException(W3CHttpResponseCodec.java:200)
	at org.openqa.selenium.remote.codec.w3c.W3CHttpResponseCodec.decode(W3CHttpResponseCodec.java:133)
	at org.openqa.selenium.remote.codec.w3c.W3CHttpResponseCodec.decode(W3CHttpResponseCodec.java:53)
	at org.openqa.selenium.remote.HttpCommandExecutor.execute(HttpCommandExecutor.java:184)
	at org.openqa.selenium.remote.service.DriverCommandExecutor.invokeExecute(DriverCommandExecutor.java:167)
	at org.openqa.selenium.remote.service.DriverCommandExecutor.execute(DriverCommandExecutor.java:142)
	at org.openqa.selenium.remote.RemoteWebDriver.execute(RemoteWebDriver.java:567)
	at org.openqa.selenium.remote.ElementLocation$ElementFinder$2.findElement(ElementLocation.java:162)
	at org.openqa.selenium.remote.ElementLocation.findElement(ElementLocation.java:60)
	at org.openqa.selenium.remote.RemoteWebDriver.findElement(RemoteWebDriver.java:385)
	at org.openqa.selenium.remote.RemoteWebDriver.findElement(RemoteWebDriver.java:377)
	at org.openqa.selenium.support.pagefactory.DefaultElementLocator.findElement(DefaultElementLocator.java:70)
	at org.openqa.selenium.support.pagefactory.internal.LocatingElementHandler.invoke(LocatingElementHandler.java:39)
	at com.sun.proxy.$Proxy22.getText(Unknown Source)
	at uk.co.library.utility.Utility.getTextFromElement(Utility.java:41)
	at uk.co.library.utility.Utility.verifyElementText(Utility.java:351)
	at uk.co.library.pages.ResultPage.verifyTheResults(ResultPage.java:33)
	at uk.co.library.steps.JobSearchTestSteps.iVerifyTheResult(JobSearchTestSteps.java:62)
	at ✽.Then I verify the Result "Permanent Retail Manager jobs in Horley"(JobSearchTest.feature:17)
</pre></div>
					</li>
				</ul>
		</li>
		<li test-id='51' class='node scenario fail' status='fail'>
			<div class='category-list'>
				<span class='category label white-text'>@Regression</span>
			</div>
			
			<b>Scenario</b>
			
			<span class="bdd-step-name">Verify user should be ablt to search job successfully</span>
			
				<ul class='steps'>
					<li test-id='52' class='node then pass' status='pass'><b>Then</b>
						<span class="bdd-step-name">Then I accept cookies</span>
							<div class='pre'>passed</div>
					</li>
					<li test-id='53' class='node when pass' status='pass'><b>When</b>
						<span class="bdd-step-name">When I enter "Automation Tester" in job title field</span>
							<div class='pre'>passed</div>
					</li>
					<li test-id='54' class='node and pass' status='pass'><b>And</b>
						<span class="bdd-step-name">And I enter "HA1 1AB" in location field</span>
							<div class='pre'>passed</div>
					</li>
					<li test-id='55' class='node and pass' status='pass'><b>And</b>
						<span class="bdd-step-name">And I select "up to 10 miles" in the distance field</span>
							<div class='pre'>passed</div>
					</li>
					<li test-id='56' class='node and pass' status='pass'><b>And</b>
						<span class="bdd-step-name">And I click on the More Search Option Link</span>
							<div class='pre'>passed</div>
					</li>
					<li test-id='57' class='node and pass' status='pass'><b>And</b>
						<span class="bdd-step-name">And I enter "300" data in the minimum salary field</span>
							<div class='pre'>passed</div>
					</li>
					<li test-id='58' class='node and pass' status='pass'><b>And</b>
						<span class="bdd-step-name">And I enter "400" data in the maximum salary field</span>
							<div class='pre'>passed</div>
					</li>
					<li test-id='59' class='node and pass' status='pass'><b>And</b>
						<span class="bdd-step-name">And I select the "Per day" salary type</span>
							<div class='pre'>passed</div>
					</li>
					<li test-id='60' class='node and pass' status='pass'><b>And</b>
						<span class="bdd-step-name">And I select the "Contract" job type</span>
							<div class='pre'>passed</div>
					</li>
					<li test-id='61' class='node and pass' status='pass'><b>And</b>
						<span class="bdd-step-name">And I click on the Find Jobs Button</span>
							<div class='pre'>passed</div>
					</li>
					<li test-id='62' class='node then fail' status='fail'><b>Then</b>
						<span class="bdd-step-name">Then I verify the Result "Contract Automation Tester jobs in HA1 1AB"</span>
						<ul class='screenshots right'>
							<li><a data-featherlight="image" href="C:\Users\Sairam12\IdeaProjects\cv.library.cucumber.week15/src/main/java/screenshots/Verify_user_should_be_ablt_to_search_job_successfully20220520011923.png"><i class='material-icons'>panorama</i></a></li>
						</ul>
							<div class='pre'><pre>org.openqa.selenium.NoSuchElementException: no such element: Unable to locate element: {"method":"xpath","selector":"//div[@class='search-header__title']"}
  (Session info: chrome=101.0.4951.67)
For documentation on this error, please visit: https://selenium.dev/exceptions/#no_such_element
Build info: version: '4.1.3', revision: '7b1ebf28ef'
System info: host: 'RISHABH', ip: '192.168.0.15', os.name: 'Windows 10', os.arch: 'amd64', os.version: '10.0', java.version: '1.8.0_121'
Driver info: org.openqa.selenium.chrome.ChromeDriver
Command: [698be3b9d4bf086dd16a7c5a9f1a0289, findElement {using=xpath, value=//div[@class='search-header__title']}]
Capabilities {acceptInsecureCerts: false, browserName: chrome, browserVersion: 101.0.4951.67, chrome: {chromedriverVersion: 101.0.4951.41 (93c720db8323..., userDataDir: C:\Users\Sairam12\AppData\L...}, goog:chromeOptions: {debuggerAddress: localhost:63661}, javascriptEnabled: true, networkConnectionEnabled: false, pageLoadStrategy: normal, platform: WINDOWS, platformName: WINDOWS, proxy: Proxy(), se:cdp: ws://localhost:63661/devtoo..., se:cdpVersion: 101.0.4951.67, setWindowRect: true, strictFileInteractability: false, timeouts: {implicit: 0, pageLoad: 300000, script: 30000}, unhandledPromptBehavior: dismiss and notify, webauthn:extension:credBlob: true, webauthn:extension:largeBlob: true, webauthn:virtualAuthenticators: true}
Session ID: 698be3b9d4bf086dd16a7c5a9f1a0289
	at sun.reflect.NativeConstructorAccessorImpl.newInstance0(Native Method)
	at sun.reflect.NativeConstructorAccessorImpl.newInstance(NativeConstructorAccessorImpl.java:62)
	at sun.reflect.DelegatingConstructorAccessorImpl.newInstance(DelegatingConstructorAccessorImpl.java:45)
	at java.lang.reflect.Constructor.newInstance(Constructor.java:423)
	at org.openqa.selenium.remote.codec.w3c.W3CHttpResponseCodec.createException(W3CHttpResponseCodec.java:200)
	at org.openqa.selenium.remote.codec.w3c.W3CHttpResponseCodec.decode(W3CHttpResponseCodec.java:133)
	at org.openqa.selenium.remote.codec.w3c.W3CHttpResponseCodec.decode(W3CHttpResponseCodec.java:53)
	at org.openqa.selenium.remote.HttpCommandExecutor.execute(HttpCommandExecutor.java:184)
	at org.openqa.selenium.remote.service.DriverCommandExecutor.invokeExecute(DriverCommandExecutor.java:167)
	at org.openqa.selenium.remote.service.DriverCommandExecutor.execute(DriverCommandExecutor.java:142)
	at org.openqa.selenium.remote.RemoteWebDriver.execute(RemoteWebDriver.java:567)
	at org.openqa.selenium.remote.ElementLocation$ElementFinder$2.findElement(ElementLocation.java:162)
	at org.openqa.selenium.remote.ElementLocation.findElement(ElementLocation.java:60)
	at org.openqa.selenium.remote.RemoteWebDriver.findElement(RemoteWebDriver.java:385)
	at org.openqa.selenium.remote.RemoteWebDriver.findElement(RemoteWebDriver.java:377)
	at org.openqa.selenium.support.pagefactory.DefaultElementLocator.findElement(DefaultElementLocator.java:70)
	at org.openqa.selenium.support.pagefactory.internal.LocatingElementHandler.invoke(LocatingElementHandler.java:39)
	at com.sun.proxy.$Proxy22.getText(Unknown Source)
	at uk.co.library.utility.Utility.getTextFromElement(Utility.java:41)
	at uk.co.library.utility.Utility.verifyElementText(Utility.java:351)
	at uk.co.library.pages.ResultPage.verifyTheResults(ResultPage.java:33)
	at uk.co.library.steps.JobSearchTestSteps.iVerifyTheResult(JobSearchTestSteps.java:62)
	at ✽.Then I verify the Result "Contract Automation Tester jobs in HA1 1AB"(JobSearchTest.feature:17)
</pre></div>
					</li>
				</ul>
		</li>
		<li test-id='63' class='node scenario fail' status='fail'>
			<div class='category-list'>
				<span class='category label white-text'>@Regression</span>
			</div>
			
			<b>Scenario</b>
			
			<span class="bdd-step-name">Verify user should be ablt to search job successfully</span>
			
				<ul class='steps'>
					<li test-id='64' class='node then pass' status='pass'><b>Then</b>
						<span class="bdd-step-name">Then I accept cookies</span>
							<div class='pre'>passed</div>
					</li>
					<li test-id='65' class='node when pass' status='pass'><b>When</b>
						<span class="bdd-step-name">When I enter "Research Scientist" in job title field</span>
							<div class='pre'>passed</div>
					</li>
					<li test-id='66' class='node and pass' status='pass'><b>And</b>
						<span class="bdd-step-name">And I enter "SS12 0NY" in location field</span>
							<div class='pre'>passed</div>
					</li>
					<li test-id='67' class='node and pass' status='pass'><b>And</b>
						<span class="bdd-step-name">And I select "up to 50 miles" in the distance field</span>
							<div class='pre'>passed</div>
					</li>
					<li test-id='68' class='node and pass' status='pass'><b>And</b>
						<span class="bdd-step-name">And I click on the More Search Option Link</span>
							<div class='pre'>passed</div>
					</li>
					<li test-id='69' class='node and pass' status='pass'><b>And</b>
						<span class="bdd-step-name">And I enter "500" data in the minimum salary field</span>
							<div class='pre'>passed</div>
					</li>
					<li test-id='70' class='node and pass' status='pass'><b>And</b>
						<span class="bdd-step-name">And I enter "800" data in the maximum salary field</span>
							<div class='pre'>passed</div>
					</li>
					<li test-id='71' class='node and pass' status='pass'><b>And</b>
						<span class="bdd-step-name">And I select the "Per day" salary type</span>
							<div class='pre'>passed</div>
					</li>
					<li test-id='72' class='node and pass' status='pass'><b>And</b>
						<span class="bdd-step-name">And I select the "Contract" job type</span>
							<div class='pre'>passed</div>
					</li>
					<li test-id='73' class='node and pass' status='pass'><b>And</b>
						<span class="bdd-step-name">And I click on the Find Jobs Button</span>
							<div class='pre'>passed</div>
					</li>
					<li test-id='74' class='node then fail' status='fail'><b>Then</b>
						<span class="bdd-step-name">Then I verify the Result "Contract Research Scientist jobs in SS12 0NY"</span>
						<ul class='screenshots right'>
							<li><a data-featherlight="image" href="C:\Users\Sairam12\IdeaProjects\cv.library.cucumber.week15/src/main/java/screenshots/Verify_user_should_be_ablt_to_search_job_successfully20220520012014.png"><i class='material-icons'>panorama</i></a></li>
						</ul>
							<div class='pre'><pre>org.openqa.selenium.NoSuchElementException: no such element: Unable to locate element: {"method":"xpath","selector":"//div[@class='search-header__title']"}
  (Session info: chrome=101.0.4951.67)
For documentation on this error, please visit: https://selenium.dev/exceptions/#no_such_element
Build info: version: '4.1.3', revision: '7b1ebf28ef'
System info: host: 'RISHABH', ip: '192.168.0.15', os.name: 'Windows 10', os.arch: 'amd64', os.version: '10.0', java.version: '1.8.0_121'
Driver info: org.openqa.selenium.chrome.ChromeDriver
Command: [02f2a54baabac53628468d07b263eecf, findElement {using=xpath, value=//div[@class='search-header__title']}]
Capabilities {acceptInsecureCerts: false, browserName: chrome, browserVersion: 101.0.4951.67, chrome: {chromedriverVersion: 101.0.4951.41 (93c720db8323..., userDataDir: C:\Users\Sairam12\AppData\L...}, goog:chromeOptions: {debuggerAddress: localhost:55215}, javascriptEnabled: true, networkConnectionEnabled: false, pageLoadStrategy: normal, platform: WINDOWS, platformName: WINDOWS, proxy: Proxy(), se:cdp: ws://localhost:55215/devtoo..., se:cdpVersion: 101.0.4951.67, setWindowRect: true, strictFileInteractability: false, timeouts: {implicit: 0, pageLoad: 300000, script: 30000}, unhandledPromptBehavior: dismiss and notify, webauthn:extension:credBlob: true, webauthn:extension:largeBlob: true, webauthn:virtualAuthenticators: true}
Session ID: 02f2a54baabac53628468d07b263eecf
	at sun.reflect.NativeConstructorAccessorImpl.newInstance0(Native Method)
	at sun.reflect.NativeConstructorAccessorImpl.newInstance(NativeConstructorAccessorImpl.java:62)
	at sun.reflect.DelegatingConstructorAccessorImpl.newInstance(DelegatingConstructorAccessorImpl.java:45)
	at java.lang.reflect.Constructor.newInstance(Constructor.java:423)
	at org.openqa.selenium.remote.codec.w3c.W3CHttpResponseCodec.createException(W3CHttpResponseCodec.java:200)
	at org.openqa.selenium.remote.codec.w3c.W3CHttpResponseCodec.decode(W3CHttpResponseCodec.java:133)
	at org.openqa.selenium.remote.codec.w3c.W3CHttpResponseCodec.decode(W3CHttpResponseCodec.java:53)
	at org.openqa.selenium.remote.HttpCommandExecutor.execute(HttpCommandExecutor.java:184)
	at org.openqa.selenium.remote.service.DriverCommandExecutor.invokeExecute(DriverCommandExecutor.java:167)
	at org.openqa.selenium.remote.service.DriverCommandExecutor.execute(DriverCommandExecutor.java:142)
	at org.openqa.selenium.remote.RemoteWebDriver.execute(RemoteWebDriver.java:567)
	at org.openqa.selenium.remote.ElementLocation$ElementFinder$2.findElement(ElementLocation.java:162)
	at org.openqa.selenium.remote.ElementLocation.findElement(ElementLocation.java:60)
	at org.openqa.selenium.remote.RemoteWebDriver.findElement(RemoteWebDriver.java:385)
	at org.openqa.selenium.remote.RemoteWebDriver.findElement(RemoteWebDriver.java:377)
	at org.openqa.selenium.support.pagefactory.DefaultElementLocator.findElement(DefaultElementLocator.java:70)
	at org.openqa.selenium.support.pagefactory.internal.LocatingElementHandler.invoke(LocatingElementHandler.java:39)
	at com.sun.proxy.$Proxy22.getText(Unknown Source)
	at uk.co.library.utility.Utility.getTextFromElement(Utility.java:41)
	at uk.co.library.utility.Utility.verifyElementText(Utility.java:351)
	at uk.co.library.pages.ResultPage.verifyTheResults(ResultPage.java:33)
	at uk.co.library.steps.JobSearchTestSteps.iVerifyTheResult(JobSearchTestSteps.java:62)
	at ✽.Then I verify the Result "Contract Research Scientist jobs in SS12 0NY"(JobSearchTest.feature:17)
</pre></div>
					</li>
				</ul>
		</li>
		<li test-id='75' class='node scenario fail' status='fail'>
			<div class='category-list'>
				<span class='category label white-text'>@Regression</span>
			</div>
			
			<b>Scenario</b>
			
			<span class="bdd-step-name">Verify user should be ablt to search job successfully</span>
			
				<ul class='steps'>
					<li test-id='76' class='node then pass' status='pass'><b>Then</b>
						<span class="bdd-step-name">Then I accept cookies</span>
							<div class='pre'>passed</div>
					</li>
					<li test-id='77' class='node when pass' status='pass'><b>When</b>
						<span class="bdd-step-name">When I enter "Software Developer" in job title field</span>
							<div class='pre'>passed</div>
					</li>
					<li test-id='78' class='node and pass' status='pass'><b>And</b>
						<span class="bdd-step-name">And I enter "London" in location field</span>
							<div class='pre'>passed</div>
					</li>
					<li test-id='79' class='node and pass' status='pass'><b>And</b>
						<span class="bdd-step-name">And I select "up to 35 miles" in the distance field</span>
							<div class='pre'>passed</div>
					</li>
					<li test-id='80' class='node and pass' status='pass'><b>And</b>
						<span class="bdd-step-name">And I click on the More Search Option Link</span>
							<div class='pre'>passed</div>
					</li>
					<li test-id='81' class='node and pass' status='pass'><b>And</b>
						<span class="bdd-step-name">And I enter "45000" data in the minimum salary field</span>
							<div class='pre'>passed</div>
					</li>
					<li test-id='82' class='node and pass' status='pass'><b>And</b>
						<span class="bdd-step-name">And I enter "75000" data in the maximum salary field</span>
							<div class='pre'>passed</div>
					</li>
					<li test-id='83' class='node and pass' status='pass'><b>And</b>
						<span class="bdd-step-name">And I select the "Per annum" salary type</span>
							<div class='pre'>passed</div>
					</li>
					<li test-id='84' class='node and pass' status='pass'><b>And</b>
						<span class="bdd-step-name">And I select the "Permanent" job type</span>
							<div class='pre'>passed</div>
					</li>
					<li test-id='85' class='node and pass' status='pass'><b>And</b>
						<span class="bdd-step-name">And I click on the Find Jobs Button</span>
							<div class='pre'>passed</div>
					</li>
					<li test-id='86' class='node then fail' status='fail'><b>Then</b>
						<span class="bdd-step-name">Then I verify the Result "Permanent Software Developer jobs in London"</span>
						<ul class='screenshots right'>
							<li><a data-featherlight="image" href="C:\Users\Sairam12\IdeaProjects\cv.library.cucumber.week15/src/main/java/screenshots/Verify_user_should_be_ablt_to_search_job_successfully20220520012112.png"><i class='material-icons'>panorama</i></a></li>
						</ul>
							<div class='pre'><pre>org.openqa.selenium.NoSuchElementException: no such element: Unable to locate element: {"method":"xpath","selector":"//div[@class='search-header__title']"}
  (Session info: chrome=101.0.4951.67)
For documentation on this error, please visit: https://selenium.dev/exceptions/#no_such_element
Build info: version: '4.1.3', revision: '7b1ebf28ef'
System info: host: 'RISHABH', ip: '192.168.0.15', os.name: 'Windows 10', os.arch: 'amd64', os.version: '10.0', java.version: '1.8.0_121'
Driver info: org.openqa.selenium.chrome.ChromeDriver
Command: [abb5186426e29b692d2d6987c499041d, findElement {using=xpath, value=//div[@class='search-header__title']}]
Capabilities {acceptInsecureCerts: false, browserName: chrome, browserVersion: 101.0.4951.67, chrome: {chromedriverVersion: 101.0.4951.41 (93c720db8323..., userDataDir: C:\Users\Sairam12\AppData\L...}, goog:chromeOptions: {debuggerAddress: localhost:55492}, javascriptEnabled: true, networkConnectionEnabled: false, pageLoadStrategy: normal, platform: WINDOWS, platformName: WINDOWS, proxy: Proxy(), se:cdp: ws://localhost:55492/devtoo..., se:cdpVersion: 101.0.4951.67, setWindowRect: true, strictFileInteractability: false, timeouts: {implicit: 0, pageLoad: 300000, script: 30000}, unhandledPromptBehavior: dismiss and notify, webauthn:extension:credBlob: true, webauthn:extension:largeBlob: true, webauthn:virtualAuthenticators: true}
Session ID: abb5186426e29b692d2d6987c499041d
	at sun.reflect.NativeConstructorAccessorImpl.newInstance0(Native Method)
	at sun.reflect.NativeConstructorAccessorImpl.newInstance(NativeConstructorAccessorImpl.java:62)
	at sun.reflect.DelegatingConstructorAccessorImpl.newInstance(DelegatingConstructorAccessorImpl.java:45)
	at java.lang.reflect.Constructor.newInstance(Constructor.java:423)
	at org.openqa.selenium.remote.codec.w3c.W3CHttpResponseCodec.createException(W3CHttpResponseCodec.java:200)
	at org.openqa.selenium.remote.codec.w3c.W3CHttpResponseCodec.decode(W3CHttpResponseCodec.java:133)
	at org.openqa.selenium.remote.codec.w3c.W3CHttpResponseCodec.decode(W3CHttpResponseCodec.java:53)
	at org.openqa.selenium.remote.HttpCommandExecutor.execute(HttpCommandExecutor.java:184)
	at org.openqa.selenium.remote.service.DriverCommandExecutor.invokeExecute(DriverCommandExecutor.java:167)
	at org.openqa.selenium.remote.service.DriverCommandExecutor.execute(DriverCommandExecutor.java:142)
	at org.openqa.selenium.remote.RemoteWebDriver.execute(RemoteWebDriver.java:567)
	at org.openqa.selenium.remote.ElementLocation$ElementFinder$2.findElement(ElementLocation.java:162)
	at org.openqa.selenium.remote.ElementLocation.findElement(ElementLocation.java:60)
	at org.openqa.selenium.remote.RemoteWebDriver.findElement(RemoteWebDriver.java:385)
	at org.openqa.selenium.remote.RemoteWebDriver.findElement(RemoteWebDriver.java:377)
	at org.openqa.selenium.support.pagefactory.DefaultElementLocator.findElement(DefaultElementLocator.java:70)
	at org.openqa.selenium.support.pagefactory.internal.LocatingElementHandler.invoke(LocatingElementHandler.java:39)
	at com.sun.proxy.$Proxy22.getText(Unknown Source)
	at uk.co.library.utility.Utility.getTextFromElement(Utility.java:41)
	at uk.co.library.utility.Utility.verifyElementText(Utility.java:351)
	at uk.co.library.pages.ResultPage.verifyTheResults(ResultPage.java:33)
	at uk.co.library.steps.JobSearchTestSteps.iVerifyTheResult(JobSearchTestSteps.java:62)
	at ✽.Then I verify the Result "Permanent Software Developer jobs in London"(JobSearchTest.feature:17)
</pre></div>
					</li>
				</ul>
		</li>
	</ul>
</div>
					</div>
				</li>
			</ul>
		</div>
	</div>
	<!-- subview left -->

	<div class='subview-right left'>
		<div class='view-summary'>
			<h5 class='test-name'></h5>

			<div id='step-filters' class="right">
				<span class="blue-text" status="info" alt="info" title="info"><i class="material-icons">info_outline</i></span>
				<span class="green-text" status="pass" alt="pass" title="pass"><i class="material-icons">check_circle</i></span>
				<span class="red-text" status="fail" alt="fail" title="fail"><i class="material-icons">cancel</i></span>
				<span class="red-text text-darken-4" status="fatal" alt="fatal" title="fatal"><i class="material-icons">cancel</i></span>
				<span class="pink-text text-lighten-1" status="error" alt="error" title="error"><i class="material-icons">error</i></span>
				<span class="orange-text" alt="warning" status="warning" title="warning"><i class="material-icons">warning</i></span>
				<span class="teal-text" status="skip" alt="skip" title="skip"><i class="material-icons">redo</i></span>
				<span status="clear" alt="Clear filters" title="Clear filters"><i class="material-icons">clear</i></span>
			</div>
		</div>
	</div>
	<!-- subview right -->

</div>
<!-- test view -->
<div id='category-view' class='view hide'>

	<section id='controls'>
		<div class='controls grey lighten-4'>
			<!-- search -->
			<div class='chip transparent' alt='Search Tests' title='Search Tests'>
				<a href="#" class='search-div'>
					<i class='material-icons'>search</i> Search
				</a>
				
				<div class='input-field left hide'>
					<input id='search-tests' type='text' class='validate browser-default' placeholder='Search Tests...'>
				</div>
				
			</div>
			<!-- search -->
		</div>
	</section>

	<div class='subview-left left'>
		
		<div class='view-summary'>
			<h5>Categories</h3>
			<ul id='category-collection' class='category-collection'>
				
				<li class='category displayed active'>
					<div class='category-heading'>
						<span class='category-name'>@Regression</span>
						<span class='category-status right'>
							<span class='label fail'>7</span>
						</span>
					</div>
					<div class='category-content hide'>
						<div class='category-status-counts'>
							
							<span class='label red lighten-1 white-text'>Failed: 7</span>
							
						</div>
					
						<div class='category-tests'>
							<table class='bordered table-results'>
								<thead>
									<tr>
										<th>Timestamp</th>
										<th>TestName</th>
										<th>Status</th>
									</tr>
								</thead>
								<tbody>
									<tr>
										<td>May 20, 2022 01:14:59 PM</td>
										<td class='linked' test-id='3'>Job Search Test.Verify user should be ablt to search job successfully.Verify user should be ablt to search job successfully</td>
										<td><span class='test-status fail'>fail</span></td>
									</tr>
									<tr>
										<td>May 20, 2022 01:15:58 PM</td>
										<td class='linked' test-id='15'>Job Search Test.Verify user should be ablt to search job successfully.Verify user should be ablt to search job successfully</td>
										<td><span class='test-status fail'>fail</span></td>
									</tr>
									<tr>
										<td>May 20, 2022 01:16:48 PM</td>
										<td class='linked' test-id='27'>Job Search Test.Verify user should be ablt to search job successfully.Verify user should be ablt to search job successfully</td>
										<td><span class='test-status fail'>fail</span></td>
									</tr>
									<tr>
										<td>May 20, 2022 01:17:43 PM</td>
										<td class='linked' test-id='39'>Job Search Test.Verify user should be ablt to search job successfully.Verify user should be ablt to search job successfully</td>
										<td><span class='test-status fail'>fail</span></td>
									</tr>
									<tr>
										<td>May 20, 2022 01:18:34 PM</td>
										<td class='linked' test-id='51'>Job Search Test.Verify user should be ablt to search job successfully.Verify user should be ablt to search job successfully</td>
										<td><span class='test-status fail'>fail</span></td>
									</tr>
									<tr>
										<td>May 20, 2022 01:19:25 PM</td>
										<td class='linked' test-id='63'>Job Search Test.Verify user should be ablt to search job successfully.Verify user should be ablt to search job successfully</td>
										<td><span class='test-status fail'>fail</span></td>
									</tr>
									<tr>
										<td>May 20, 2022 01:20:16 PM</td>
										<td class='linked' test-id='75'>Job Search Test.Verify user should be ablt to search job successfully.Verify user should be ablt to search job successfully</td>
										<td><span class='test-status fail'>fail</span></td>
									</tr>
								</tbody>
							</table>
						</div>
					</div>
				</li>

			</ul>
		</div>
	</div>

	<div class='subview-right left'>
		<div class='view-summary'>
			<h5 class='category-name'></h5>
		</div>
	</div>
</div>
<!-- category view -->
<div id='author-view' class='view hide'>
    <section id='controls'>
        <div class='controls grey lighten-4'>
            <!-- search -->
            <div class='chip transparent' alt='Search Authors' title='Search Authors'>
                <a href="#" class='search-div'>
                    <i class='material-icons'>search</i> Search
                </a>

                <div class='input-field left hide'>
                    <input id='search-tests' type='text' class='validate browser-default' placeholder='Search Authors...'>
                </div>

            </div>
            <!-- search -->
        </div>
    </section>

    <div class='subview-left left'>

        <div class='view-summary'>
            <h5>Authors</h5>
                <ul id='author-collection' class='author-collection'>

                        <li class='author displayed active'>
                            <div class='author-heading'>
                                <span class='author-name'>VimalVithalpura</span>
                                <span class='author-status right'>
                                        <span class='label fail'>7</span>
						        </span>
                            </div>
                            <div class='author-content hide'>
                                <div class='author-status-counts'>
                                    
                                    <span class='label red lighten-1 white-text'>Failed: 7</span>
                                    
                                </div>

                                <div class='author-tests'>
                                    <table class='bordered table-results'>
                                        <thead>
                                        <tr>
                                            <th>Timestamp</th>
                                            <th>TestName</th>
                                            <th>Status</th>
                                        </tr>
                                        </thead>
                                        <tbody>
                                            <tr>
                                                <td>May 20, 2022 01:14:59 PM</td>
                                                <td class='linked' test-id='3'>Job Search Test.Verify user should be ablt to search job successfully.Verify user should be ablt to search job successfully</td>
                                                <td><span class='test-status fail'>fail</span></td>
                                            </tr>
                                            <tr>
                                                <td>May 20, 2022 01:15:58 PM</td>
                                                <td class='linked' test-id='15'>Job Search Test.Verify user should be ablt to search job successfully.Verify user should be ablt to search job successfully</td>
                                                <td><span class='test-status fail'>fail</span></td>
                                            </tr>
                                            <tr>
                                                <td>May 20, 2022 01:16:48 PM</td>
                                                <td class='linked' test-id='27'>Job Search Test.Verify user should be ablt to search job successfully.Verify user should be ablt to search job successfully</td>
                                                <td><span class='test-status fail'>fail</span></td>
                                            </tr>
                                            <tr>
                                                <td>May 20, 2022 01:17:43 PM</td>
                                                <td class='linked' test-id='39'>Job Search Test.Verify user should be ablt to search job successfully.Verify user should be ablt to search job successfully</td>
                                                <td><span class='test-status fail'>fail</span></td>
                                            </tr>
                                            <tr>
                                                <td>May 20, 2022 01:18:34 PM</td>
                                                <td class='linked' test-id='51'>Job Search Test.Verify user should be ablt to search job successfully.Verify user should be ablt to search job successfully</td>
                                                <td><span class='test-status fail'>fail</span></td>
                                            </tr>
                                            <tr>
                                                <td>May 20, 2022 01:19:25 PM</td>
                                                <td class='linked' test-id='63'>Job Search Test.Verify user should be ablt to search job successfully.Verify user should be ablt to search job successfully</td>
                                                <td><span class='test-status fail'>fail</span></td>
                                            </tr>
                                            <tr>
                                                <td>May 20, 2022 01:20:16 PM</td>
                                                <td class='linked' test-id='75'>Job Search Test.Verify user should be ablt to search job successfully.Verify user should be ablt to search job successfully</td>
                                                <td><span class='test-status fail'>fail</span></td>
                                            </tr>
                                        </tbody>
                                    </table>
                                </div>
                            </div>
                        </li>

                </ul>
        </div>
    </div>

    <div class='subview-right left'>
        <div class='view-summary'>
            <h5 class='author-name'></h5>
        </div>
    </div>
</div>
<div id='exception-view' class='view hide'>

    <section id='controls'>
        <div class='controls grey lighten-4'>
            <!-- search -->
            <div class='chip transparent' alt='Search Tests' title='Search Tests'>
                <a href="#" class='search-div'>
                    <i class='material-icons'>search</i> Search
                </a>

                <div class='input-field left hide'>
                    <input id='search-tests' type='text' class='validate browser-default' placeholder='Search Tests...'>
                </div>

            </div>
            <!-- search -->
        </div>
    </section>

    <div class='subview-left left'>

        <div class='view-summary'>
            <h5>Exceptions</h3>
                <ul id='exception-collection' class='exception-collection'>

                        <li class='exception displayed active'>
                            <div class='exception-heading'>
                                <span class='exception-name'>org.openqa.selenium.NoSuchElementException</span>
                                <span class='exception-count right'><span class='label red lighten-1 white-text'>7</span></span>
                            </div>
                            <div class='exception-content hide'>
                                <div class='exception-tests'>
                                    <table class='bordered table-results'>
                                        <thead>
                                        <tr>
                                            <th>Timestamp</th>
                                            <th>TestName</th>
                                            <th>Status</th>
                                        </tr>
                                        </thead>
                                        <tbody>
                                                    <tr>
                                                        <td>May 20, 2022 01:15:15 PM</td>
                                                        <td class='linked' test-id='14'>Job Search Test.Verify user should be ablt to search job successfully.Verify user should be ablt to search job successfully.Then I verify the Result "Permanent Software Tester jobs in Crawley"</td>
                                                        <td><pre><pre>org.openqa.selenium.NoSuchElementException: no such element: Unable to locate element: {"method":"xpath","selector":"//div[@class='search-header__title']"}
  (Session info: chrome=101.0.4951.67)
For documentation on this error, please visit: https://selenium.dev/exceptions/#no_such_element
Build info: version: '4.1.3', revision: '7b1ebf28ef'
System info: host: 'RISHABH', ip: '192.168.0.15', os.name: 'Windows 10', os.arch: 'amd64', os.version: '10.0', java.version: '1.8.0_121'
Driver info: org.openqa.selenium.chrome.ChromeDriver
Command: [eb6a355618745d7540982d87708c92b0, findElement {using=xpath, value=//div[@class='search-header__title']}]
Capabilities {acceptInsecureCerts: false, browserName: chrome, browserVersion: 101.0.4951.67, chrome: {chromedriverVersion: 101.0.4951.41 (93c720db8323..., userDataDir: C:\Users\Sairam12\AppData\L...}, goog:chromeOptions: {debuggerAddress: localhost:65079}, javascriptEnabled: true, networkConnectionEnabled: false, pageLoadStrategy: normal, platform: WINDOWS, platformName: WINDOWS, proxy: Proxy(), se:cdp: ws://localhost:65079/devtoo..., se:cdpVersion: 101.0.4951.67, setWindowRect: true, strictFileInteractability: false, timeouts: {implicit: 0, pageLoad: 300000, script: 30000}, unhandledPromptBehavior: dismiss and notify, webauthn:extension:credBlob: true, webauthn:extension:largeBlob: true, webauthn:virtualAuthenticators: true}
Session ID: eb6a355618745d7540982d87708c92b0
	at sun.reflect.NativeConstructorAccessorImpl.newInstance0(Native Method)
	at sun.reflect.NativeConstructorAccessorImpl.newInstance(NativeConstructorAccessorImpl.java:62)
	at sun.reflect.DelegatingConstructorAccessorImpl.newInstance(DelegatingConstructorAccessorImpl.java:45)
	at java.lang.reflect.Constructor.newInstance(Constructor.java:423)
	at org.openqa.selenium.remote.codec.w3c.W3CHttpResponseCodec.createException(W3CHttpResponseCodec.java:200)
	at org.openqa.selenium.remote.codec.w3c.W3CHttpResponseCodec.decode(W3CHttpResponseCodec.java:133)
	at org.openqa.selenium.remote.codec.w3c.W3CHttpResponseCodec.decode(W3CHttpResponseCodec.java:53)
	at org.openqa.selenium.remote.HttpCommandExecutor.execute(HttpCommandExecutor.java:184)
	at org.openqa.selenium.remote.service.DriverCommandExecutor.invokeExecute(DriverCommandExecutor.java:167)
	at org.openqa.selenium.remote.service.DriverCommandExecutor.execute(DriverCommandExecutor.java:142)
	at org.openqa.selenium.remote.RemoteWebDriver.execute(RemoteWebDriver.java:567)
	at org.openqa.selenium.remote.ElementLocation$ElementFinder$2.findElement(ElementLocation.java:162)
	at org.openqa.selenium.remote.ElementLocation.findElement(ElementLocation.java:60)
	at org.openqa.selenium.remote.RemoteWebDriver.findElement(RemoteWebDriver.java:385)
	at org.openqa.selenium.remote.RemoteWebDriver.findElement(RemoteWebDriver.java:377)
	at org.openqa.selenium.support.pagefactory.DefaultElementLocator.findElement(DefaultElementLocator.java:70)
	at org.openqa.selenium.support.pagefactory.internal.LocatingElementHandler.invoke(LocatingElementHandler.java:39)
	at com.sun.proxy.$Proxy22.getText(Unknown Source)
	at uk.co.library.utility.Utility.getTextFromElement(Utility.java:41)
	at uk.co.library.utility.Utility.verifyElementText(Utility.java:351)
	at uk.co.library.pages.ResultPage.verifyTheResults(ResultPage.java:33)
	at uk.co.library.steps.JobSearchTestSteps.iVerifyTheResult(JobSearchTestSteps.java:62)
	at ✽.Then I verify the Result "Permanent Software Tester jobs in Crawley"(JobSearchTest.feature:17)
</pre></pre></td>
                                                    </tr>
                                                    <tr>
                                                        <td>May 20, 2022 01:16:07 PM</td>
                                                        <td class='linked' test-id='26'>Job Search Test.Verify user should be ablt to search job successfully.Verify user should be ablt to search job successfully.Then I verify the Result "Contract Software Automation Tester jobs in Harrow on the Hill"</td>
                                                        <td><pre><pre>org.openqa.selenium.NoSuchElementException: no such element: Unable to locate element: {"method":"xpath","selector":"//div[@class='search-header__title']"}
  (Session info: chrome=101.0.4951.67)
For documentation on this error, please visit: https://selenium.dev/exceptions/#no_such_element
Build info: version: '4.1.3', revision: '7b1ebf28ef'
System info: host: 'RISHABH', ip: '192.168.0.15', os.name: 'Windows 10', os.arch: 'amd64', os.version: '10.0', java.version: '1.8.0_121'
Driver info: org.openqa.selenium.chrome.ChromeDriver
Command: [04f42ef2fe2dc7a6dc47fcfb21299ecb, findElement {using=xpath, value=//div[@class='search-header__title']}]
Capabilities {acceptInsecureCerts: false, browserName: chrome, browserVersion: 101.0.4951.67, chrome: {chromedriverVersion: 101.0.4951.41 (93c720db8323..., userDataDir: C:\Users\Sairam12\AppData\L...}, goog:chromeOptions: {debuggerAddress: localhost:65261}, javascriptEnabled: true, networkConnectionEnabled: false, pageLoadStrategy: normal, platform: WINDOWS, platformName: WINDOWS, proxy: Proxy(), se:cdp: ws://localhost:65261/devtoo..., se:cdpVersion: 101.0.4951.67, setWindowRect: true, strictFileInteractability: false, timeouts: {implicit: 0, pageLoad: 300000, script: 30000}, unhandledPromptBehavior: dismiss and notify, webauthn:extension:credBlob: true, webauthn:extension:largeBlob: true, webauthn:virtualAuthenticators: true}
Session ID: 04f42ef2fe2dc7a6dc47fcfb21299ecb
	at sun.reflect.NativeConstructorAccessorImpl.newInstance0(Native Method)
	at sun.reflect.NativeConstructorAccessorImpl.newInstance(NativeConstructorAccessorImpl.java:62)
	at sun.reflect.DelegatingConstructorAccessorImpl.newInstance(DelegatingConstructorAccessorImpl.java:45)
	at java.lang.reflect.Constructor.newInstance(Constructor.java:423)
	at org.openqa.selenium.remote.codec.w3c.W3CHttpResponseCodec.createException(W3CHttpResponseCodec.java:200)
	at org.openqa.selenium.remote.codec.w3c.W3CHttpResponseCodec.decode(W3CHttpResponseCodec.java:133)
	at org.openqa.selenium.remote.codec.w3c.W3CHttpResponseCodec.decode(W3CHttpResponseCodec.java:53)
	at org.openqa.selenium.remote.HttpCommandExecutor.execute(HttpCommandExecutor.java:184)
	at org.openqa.selenium.remote.service.DriverCommandExecutor.invokeExecute(DriverCommandExecutor.java:167)
	at org.openqa.selenium.remote.service.DriverCommandExecutor.execute(DriverCommandExecutor.java:142)
	at org.openqa.selenium.remote.RemoteWebDriver.execute(RemoteWebDriver.java:567)
	at org.openqa.selenium.remote.ElementLocation$ElementFinder$2.findElement(ElementLocation.java:162)
	at org.openqa.selenium.remote.ElementLocation.findElement(ElementLocation.java:60)
	at org.openqa.selenium.remote.RemoteWebDriver.findElement(RemoteWebDriver.java:385)
	at org.openqa.selenium.remote.RemoteWebDriver.findElement(RemoteWebDriver.java:377)
	at org.openqa.selenium.support.pagefactory.DefaultElementLocator.findElement(DefaultElementLocator.java:70)
	at org.openqa.selenium.support.pagefactory.internal.LocatingElementHandler.invoke(LocatingElementHandler.java:39)
	at com.sun.proxy.$Proxy22.getText(Unknown Source)
	at uk.co.library.utility.Utility.getTextFromElement(Utility.java:41)
	at uk.co.library.utility.Utility.verifyElementText(Utility.java:351)
	at uk.co.library.pages.ResultPage.verifyTheResults(ResultPage.java:33)
	at uk.co.library.steps.JobSearchTestSteps.iVerifyTheResult(JobSearchTestSteps.java:62)
	at ✽.Then I verify the Result "Contract Software Automation Tester jobs in Harrow on the Hill"(JobSearchTest.feature:17)
</pre></pre></td>
                                                    </tr>
                                                    <tr>
                                                        <td>May 20, 2022 01:16:57 PM</td>
                                                        <td class='linked' test-id='38'>Job Search Test.Verify user should be ablt to search job successfully.Verify user should be ablt to search job successfully.Then I verify the Result "Manual Software Tester jobs in West Sussex"</td>
                                                        <td><pre><pre>org.openqa.selenium.NoSuchElementException: no such element: Unable to locate element: {"method":"xpath","selector":"//div[@class='search-header__title']"}
  (Session info: chrome=101.0.4951.67)
For documentation on this error, please visit: https://selenium.dev/exceptions/#no_such_element
Build info: version: '4.1.3', revision: '7b1ebf28ef'
System info: host: 'RISHABH', ip: '192.168.0.15', os.name: 'Windows 10', os.arch: 'amd64', os.version: '10.0', java.version: '1.8.0_121'
Driver info: org.openqa.selenium.chrome.ChromeDriver
Command: [fcc4c1679c24544a897cf939d1558682, findElement {using=xpath, value=//div[@class='search-header__title']}]
Capabilities {acceptInsecureCerts: false, browserName: chrome, browserVersion: 101.0.4951.67, chrome: {chromedriverVersion: 101.0.4951.41 (93c720db8323..., userDataDir: C:\Users\Sairam12\AppData\L...}, goog:chromeOptions: {debuggerAddress: localhost:65466}, javascriptEnabled: true, networkConnectionEnabled: false, pageLoadStrategy: normal, platform: WINDOWS, platformName: WINDOWS, proxy: Proxy(), se:cdp: ws://localhost:65466/devtoo..., se:cdpVersion: 101.0.4951.67, setWindowRect: true, strictFileInteractability: false, timeouts: {implicit: 0, pageLoad: 300000, script: 30000}, unhandledPromptBehavior: dismiss and notify, webauthn:extension:credBlob: true, webauthn:extension:largeBlob: true, webauthn:virtualAuthenticators: true}
Session ID: fcc4c1679c24544a897cf939d1558682
	at sun.reflect.NativeConstructorAccessorImpl.newInstance0(Native Method)
	at sun.reflect.NativeConstructorAccessorImpl.newInstance(NativeConstructorAccessorImpl.java:62)
	at sun.reflect.DelegatingConstructorAccessorImpl.newInstance(DelegatingConstructorAccessorImpl.java:45)
	at java.lang.reflect.Constructor.newInstance(Constructor.java:423)
	at org.openqa.selenium.remote.codec.w3c.W3CHttpResponseCodec.createException(W3CHttpResponseCodec.java:200)
	at org.openqa.selenium.remote.codec.w3c.W3CHttpResponseCodec.decode(W3CHttpResponseCodec.java:133)
	at org.openqa.selenium.remote.codec.w3c.W3CHttpResponseCodec.decode(W3CHttpResponseCodec.java:53)
	at org.openqa.selenium.remote.HttpCommandExecutor.execute(HttpCommandExecutor.java:184)
	at org.openqa.selenium.remote.service.DriverCommandExecutor.invokeExecute(DriverCommandExecutor.java:167)
	at org.openqa.selenium.remote.service.DriverCommandExecutor.execute(DriverCommandExecutor.java:142)
	at org.openqa.selenium.remote.RemoteWebDriver.execute(RemoteWebDriver.java:567)
	at org.openqa.selenium.remote.ElementLocation$ElementFinder$2.findElement(ElementLocation.java:162)
	at org.openqa.selenium.remote.ElementLocation.findElement(ElementLocation.java:60)
	at org.openqa.selenium.remote.RemoteWebDriver.findElement(RemoteWebDriver.java:385)
	at org.openqa.selenium.remote.RemoteWebDriver.findElement(RemoteWebDriver.java:377)
	at org.openqa.selenium.support.pagefactory.DefaultElementLocator.findElement(DefaultElementLocator.java:70)
	at org.openqa.selenium.support.pagefactory.internal.LocatingElementHandler.invoke(LocatingElementHandler.java:39)
	at com.sun.proxy.$Proxy22.getText(Unknown Source)
	at uk.co.library.utility.Utility.getTextFromElement(Utility.java:41)
	at uk.co.library.utility.Utility.verifyElementText(Utility.java:351)
	at uk.co.library.pages.ResultPage.verifyTheResults(ResultPage.java:33)
	at uk.co.library.steps.JobSearchTestSteps.iVerifyTheResult(JobSearchTestSteps.java:62)
	at ✽.Then I verify the Result "Manual Software Tester jobs in West Sussex"(JobSearchTest.feature:17)
</pre></pre></td>
                                                    </tr>
                                                    <tr>
                                                        <td>May 20, 2022 01:17:52 PM</td>
                                                        <td class='linked' test-id='50'>Job Search Test.Verify user should be ablt to search job successfully.Verify user should be ablt to search job successfully.Then I verify the Result "Permanent Retail Manager jobs in Horley"</td>
                                                        <td><pre><pre>org.openqa.selenium.NoSuchElementException: no such element: Unable to locate element: {"method":"xpath","selector":"//div[@class='search-header__title']"}
  (Session info: chrome=101.0.4951.67)
For documentation on this error, please visit: https://selenium.dev/exceptions/#no_such_element
Build info: version: '4.1.3', revision: '7b1ebf28ef'
System info: host: 'RISHABH', ip: '192.168.0.15', os.name: 'Windows 10', os.arch: 'amd64', os.version: '10.0', java.version: '1.8.0_121'
Driver info: org.openqa.selenium.chrome.ChromeDriver
Command: [ea2d1aea1f4564cf505693c0f049bdcd, findElement {using=xpath, value=//div[@class='search-header__title']}]
Capabilities {acceptInsecureCerts: false, browserName: chrome, browserVersion: 101.0.4951.67, chrome: {chromedriverVersion: 101.0.4951.41 (93c720db8323..., userDataDir: C:\Users\Sairam12\AppData\L...}, goog:chromeOptions: {debuggerAddress: localhost:58727}, javascriptEnabled: true, networkConnectionEnabled: false, pageLoadStrategy: normal, platform: WINDOWS, platformName: WINDOWS, proxy: Proxy(), se:cdp: ws://localhost:58727/devtoo..., se:cdpVersion: 101.0.4951.67, setWindowRect: true, strictFileInteractability: false, timeouts: {implicit: 0, pageLoad: 300000, script: 30000}, unhandledPromptBehavior: dismiss and notify, webauthn:extension:credBlob: true, webauthn:extension:largeBlob: true, webauthn:virtualAuthenticators: true}
Session ID: ea2d1aea1f4564cf505693c0f049bdcd
	at sun.reflect.NativeConstructorAccessorImpl.newInstance0(Native Method)
	at sun.reflect.NativeConstructorAccessorImpl.newInstance(NativeConstructorAccessorImpl.java:62)
	at sun.reflect.DelegatingConstructorAccessorImpl.newInstance(DelegatingConstructorAccessorImpl.java:45)
	at java.lang.reflect.Constructor.newInstance(Constructor.java:423)
	at org.openqa.selenium.remote.codec.w3c.W3CHttpResponseCodec.createException(W3CHttpResponseCodec.java:200)
	at org.openqa.selenium.remote.codec.w3c.W3CHttpResponseCodec.decode(W3CHttpResponseCodec.java:133)
	at org.openqa.selenium.remote.codec.w3c.W3CHttpResponseCodec.decode(W3CHttpResponseCodec.java:53)
	at org.openqa.selenium.remote.HttpCommandExecutor.execute(HttpCommandExecutor.java:184)
	at org.openqa.selenium.remote.service.DriverCommandExecutor.invokeExecute(DriverCommandExecutor.java:167)
	at org.openqa.selenium.remote.service.DriverCommandExecutor.execute(DriverCommandExecutor.java:142)
	at org.openqa.selenium.remote.RemoteWebDriver.execute(RemoteWebDriver.java:567)
	at org.openqa.selenium.remote.ElementLocation$ElementFinder$2.findElement(ElementLocation.java:162)
	at org.openqa.selenium.remote.ElementLocation.findElement(ElementLocation.java:60)
	at org.openqa.selenium.remote.RemoteWebDriver.findElement(RemoteWebDriver.java:385)
	at org.openqa.selenium.remote.RemoteWebDriver.findElement(RemoteWebDriver.java:377)
	at org.openqa.selenium.support.pagefactory.DefaultElementLocator.findElement(DefaultElementLocator.java:70)
	at org.openqa.selenium.support.pagefactory.internal.LocatingElementHandler.invoke(LocatingElementHandler.java:39)
	at com.sun.proxy.$Proxy22.getText(Unknown Source)
	at uk.co.library.utility.Utility.getTextFromElement(Utility.java:41)
	at uk.co.library.utility.Utility.verifyElementText(Utility.java:351)
	at uk.co.library.pages.ResultPage.verifyTheResults(ResultPage.java:33)
	at uk.co.library.steps.JobSearchTestSteps.iVerifyTheResult(JobSearchTestSteps.java:62)
	at ✽.Then I verify the Result "Permanent Retail Manager jobs in Horley"(JobSearchTest.feature:17)
</pre></pre></td>
                                                    </tr>
                                                    <tr>
                                                        <td>May 20, 2022 01:18:43 PM</td>
                                                        <td class='linked' test-id='62'>Job Search Test.Verify user should be ablt to search job successfully.Verify user should be ablt to search job successfully.Then I verify the Result "Contract Automation Tester jobs in HA1 1AB"</td>
                                                        <td><pre><pre>org.openqa.selenium.NoSuchElementException: no such element: Unable to locate element: {"method":"xpath","selector":"//div[@class='search-header__title']"}
  (Session info: chrome=101.0.4951.67)
For documentation on this error, please visit: https://selenium.dev/exceptions/#no_such_element
Build info: version: '4.1.3', revision: '7b1ebf28ef'
System info: host: 'RISHABH', ip: '192.168.0.15', os.name: 'Windows 10', os.arch: 'amd64', os.version: '10.0', java.version: '1.8.0_121'
Driver info: org.openqa.selenium.chrome.ChromeDriver
Command: [698be3b9d4bf086dd16a7c5a9f1a0289, findElement {using=xpath, value=//div[@class='search-header__title']}]
Capabilities {acceptInsecureCerts: false, browserName: chrome, browserVersion: 101.0.4951.67, chrome: {chromedriverVersion: 101.0.4951.41 (93c720db8323..., userDataDir: C:\Users\Sairam12\AppData\L...}, goog:chromeOptions: {debuggerAddress: localhost:63661}, javascriptEnabled: true, networkConnectionEnabled: false, pageLoadStrategy: normal, platform: WINDOWS, platformName: WINDOWS, proxy: Proxy(), se:cdp: ws://localhost:63661/devtoo..., se:cdpVersion: 101.0.4951.67, setWindowRect: true, strictFileInteractability: false, timeouts: {implicit: 0, pageLoad: 300000, script: 30000}, unhandledPromptBehavior: dismiss and notify, webauthn:extension:credBlob: true, webauthn:extension:largeBlob: true, webauthn:virtualAuthenticators: true}
Session ID: 698be3b9d4bf086dd16a7c5a9f1a0289
	at sun.reflect.NativeConstructorAccessorImpl.newInstance0(Native Method)
	at sun.reflect.NativeConstructorAccessorImpl.newInstance(NativeConstructorAccessorImpl.java:62)
	at sun.reflect.DelegatingConstructorAccessorImpl.newInstance(DelegatingConstructorAccessorImpl.java:45)
	at java.lang.reflect.Constructor.newInstance(Constructor.java:423)
	at org.openqa.selenium.remote.codec.w3c.W3CHttpResponseCodec.createException(W3CHttpResponseCodec.java:200)
	at org.openqa.selenium.remote.codec.w3c.W3CHttpResponseCodec.decode(W3CHttpResponseCodec.java:133)
	at org.openqa.selenium.remote.codec.w3c.W3CHttpResponseCodec.decode(W3CHttpResponseCodec.java:53)
	at org.openqa.selenium.remote.HttpCommandExecutor.execute(HttpCommandExecutor.java:184)
	at org.openqa.selenium.remote.service.DriverCommandExecutor.invokeExecute(DriverCommandExecutor.java:167)
	at org.openqa.selenium.remote.service.DriverCommandExecutor.execute(DriverCommandExecutor.java:142)
	at org.openqa.selenium.remote.RemoteWebDriver.execute(RemoteWebDriver.java:567)
	at org.openqa.selenium.remote.ElementLocation$ElementFinder$2.findElement(ElementLocation.java:162)
	at org.openqa.selenium.remote.ElementLocation.findElement(ElementLocation.java:60)
	at org.openqa.selenium.remote.RemoteWebDriver.findElement(RemoteWebDriver.java:385)
	at org.openqa.selenium.remote.RemoteWebDriver.findElement(RemoteWebDriver.java:377)
	at org.openqa.selenium.support.pagefactory.DefaultElementLocator.findElement(DefaultElementLocator.java:70)
	at org.openqa.selenium.support.pagefactory.internal.LocatingElementHandler.invoke(LocatingElementHandler.java:39)
	at com.sun.proxy.$Proxy22.getText(Unknown Source)
	at uk.co.library.utility.Utility.getTextFromElement(Utility.java:41)
	at uk.co.library.utility.Utility.verifyElementText(Utility.java:351)
	at uk.co.library.pages.ResultPage.verifyTheResults(ResultPage.java:33)
	at uk.co.library.steps.JobSearchTestSteps.iVerifyTheResult(JobSearchTestSteps.java:62)
	at ✽.Then I verify the Result "Contract Automation Tester jobs in HA1 1AB"(JobSearchTest.feature:17)
</pre></pre></td>
                                                    </tr>
                                                    <tr>
                                                        <td>May 20, 2022 01:19:34 PM</td>
                                                        <td class='linked' test-id='74'>Job Search Test.Verify user should be ablt to search job successfully.Verify user should be ablt to search job successfully.Then I verify the Result "Contract Research Scientist jobs in SS12 0NY"</td>
                                                        <td><pre><pre>org.openqa.selenium.NoSuchElementException: no such element: Unable to locate element: {"method":"xpath","selector":"//div[@class='search-header__title']"}
  (Session info: chrome=101.0.4951.67)
For documentation on this error, please visit: https://selenium.dev/exceptions/#no_such_element
Build info: version: '4.1.3', revision: '7b1ebf28ef'
System info: host: 'RISHABH', ip: '192.168.0.15', os.name: 'Windows 10', os.arch: 'amd64', os.version: '10.0', java.version: '1.8.0_121'
Driver info: org.openqa.selenium.chrome.ChromeDriver
Command: [02f2a54baabac53628468d07b263eecf, findElement {using=xpath, value=//div[@class='search-header__title']}]
Capabilities {acceptInsecureCerts: false, browserName: chrome, browserVersion: 101.0.4951.67, chrome: {chromedriverVersion: 101.0.4951.41 (93c720db8323..., userDataDir: C:\Users\Sairam12\AppData\L...}, goog:chromeOptions: {debuggerAddress: localhost:55215}, javascriptEnabled: true, networkConnectionEnabled: false, pageLoadStrategy: normal, platform: WINDOWS, platformName: WINDOWS, proxy: Proxy(), se:cdp: ws://localhost:55215/devtoo..., se:cdpVersion: 101.0.4951.67, setWindowRect: true, strictFileInteractability: false, timeouts: {implicit: 0, pageLoad: 300000, script: 30000}, unhandledPromptBehavior: dismiss and notify, webauthn:extension:credBlob: true, webauthn:extension:largeBlob: true, webauthn:virtualAuthenticators: true}
Session ID: 02f2a54baabac53628468d07b263eecf
	at sun.reflect.NativeConstructorAccessorImpl.newInstance0(Native Method)
	at sun.reflect.NativeConstructorAccessorImpl.newInstance(NativeConstructorAccessorImpl.java:62)
	at sun.reflect.DelegatingConstructorAccessorImpl.newInstance(DelegatingConstructorAccessorImpl.java:45)
	at java.lang.reflect.Constructor.newInstance(Constructor.java:423)
	at org.openqa.selenium.remote.codec.w3c.W3CHttpResponseCodec.createException(W3CHttpResponseCodec.java:200)
	at org.openqa.selenium.remote.codec.w3c.W3CHttpResponseCodec.decode(W3CHttpResponseCodec.java:133)
	at org.openqa.selenium.remote.codec.w3c.W3CHttpResponseCodec.decode(W3CHttpResponseCodec.java:53)
	at org.openqa.selenium.remote.HttpCommandExecutor.execute(HttpCommandExecutor.java:184)
	at org.openqa.selenium.remote.service.DriverCommandExecutor.invokeExecute(DriverCommandExecutor.java:167)
	at org.openqa.selenium.remote.service.DriverCommandExecutor.execute(DriverCommandExecutor.java:142)
	at org.openqa.selenium.remote.RemoteWebDriver.execute(RemoteWebDriver.java:567)
	at org.openqa.selenium.remote.ElementLocation$ElementFinder$2.findElement(ElementLocation.java:162)
	at org.openqa.selenium.remote.ElementLocation.findElement(ElementLocation.java:60)
	at org.openqa.selenium.remote.RemoteWebDriver.findElement(RemoteWebDriver.java:385)
	at org.openqa.selenium.remote.RemoteWebDriver.findElement(RemoteWebDriver.java:377)
	at org.openqa.selenium.support.pagefactory.DefaultElementLocator.findElement(DefaultElementLocator.java:70)
	at org.openqa.selenium.support.pagefactory.internal.LocatingElementHandler.invoke(LocatingElementHandler.java:39)
	at com.sun.proxy.$Proxy22.getText(Unknown Source)
	at uk.co.library.utility.Utility.getTextFromElement(Utility.java:41)
	at uk.co.library.utility.Utility.verifyElementText(Utility.java:351)
	at uk.co.library.pages.ResultPage.verifyTheResults(ResultPage.java:33)
	at uk.co.library.steps.JobSearchTestSteps.iVerifyTheResult(JobSearchTestSteps.java:62)
	at ✽.Then I verify the Result "Contract Research Scientist jobs in SS12 0NY"(JobSearchTest.feature:17)
</pre></pre></td>
                                                    </tr>
                                                    <tr>
                                                        <td>May 20, 2022 01:20:25 PM</td>
                                                        <td class='linked' test-id='86'>Job Search Test.Verify user should be ablt to search job successfully.Verify user should be ablt to search job successfully.Then I verify the Result "Permanent Software Developer jobs in London"</td>
                                                        <td><pre><pre>org.openqa.selenium.NoSuchElementException: no such element: Unable to locate element: {"method":"xpath","selector":"//div[@class='search-header__title']"}
  (Session info: chrome=101.0.4951.67)
For documentation on this error, please visit: https://selenium.dev/exceptions/#no_such_element
Build info: version: '4.1.3', revision: '7b1ebf28ef'
System info: host: 'RISHABH', ip: '192.168.0.15', os.name: 'Windows 10', os.arch: 'amd64', os.version: '10.0', java.version: '1.8.0_121'
Driver info: org.openqa.selenium.chrome.ChromeDriver
Command: [abb5186426e29b692d2d6987c499041d, findElement {using=xpath, value=//div[@class='search-header__title']}]
Capabilities {acceptInsecureCerts: false, browserName: chrome, browserVersion: 101.0.4951.67, chrome: {chromedriverVersion: 101.0.4951.41 (93c720db8323..., userDataDir: C:\Users\Sairam12\AppData\L...}, goog:chromeOptions: {debuggerAddress: localhost:55492}, javascriptEnabled: true, networkConnectionEnabled: false, pageLoadStrategy: normal, platform: WINDOWS, platformName: WINDOWS, proxy: Proxy(), se:cdp: ws://localhost:55492/devtoo..., se:cdpVersion: 101.0.4951.67, setWindowRect: true, strictFileInteractability: false, timeouts: {implicit: 0, pageLoad: 300000, script: 30000}, unhandledPromptBehavior: dismiss and notify, webauthn:extension:credBlob: true, webauthn:extension:largeBlob: true, webauthn:virtualAuthenticators: true}
Session ID: abb5186426e29b692d2d6987c499041d
	at sun.reflect.NativeConstructorAccessorImpl.newInstance0(Native Method)
	at sun.reflect.NativeConstructorAccessorImpl.newInstance(NativeConstructorAccessorImpl.java:62)
	at sun.reflect.DelegatingConstructorAccessorImpl.newInstance(DelegatingConstructorAccessorImpl.java:45)
	at java.lang.reflect.Constructor.newInstance(Constructor.java:423)
	at org.openqa.selenium.remote.codec.w3c.W3CHttpResponseCodec.createException(W3CHttpResponseCodec.java:200)
	at org.openqa.selenium.remote.codec.w3c.W3CHttpResponseCodec.decode(W3CHttpResponseCodec.java:133)
	at org.openqa.selenium.remote.codec.w3c.W3CHttpResponseCodec.decode(W3CHttpResponseCodec.java:53)
	at org.openqa.selenium.remote.HttpCommandExecutor.execute(HttpCommandExecutor.java:184)
	at org.openqa.selenium.remote.service.DriverCommandExecutor.invokeExecute(DriverCommandExecutor.java:167)
	at org.openqa.selenium.remote.service.DriverCommandExecutor.execute(DriverCommandExecutor.java:142)
	at org.openqa.selenium.remote.RemoteWebDriver.execute(RemoteWebDriver.java:567)
	at org.openqa.selenium.remote.ElementLocation$ElementFinder$2.findElement(ElementLocation.java:162)
	at org.openqa.selenium.remote.ElementLocation.findElement(ElementLocation.java:60)
	at org.openqa.selenium.remote.RemoteWebDriver.findElement(RemoteWebDriver.java:385)
	at org.openqa.selenium.remote.RemoteWebDriver.findElement(RemoteWebDriver.java:377)
	at org.openqa.selenium.support.pagefactory.DefaultElementLocator.findElement(DefaultElementLocator.java:70)
	at org.openqa.selenium.support.pagefactory.internal.LocatingElementHandler.invoke(LocatingElementHandler.java:39)
	at com.sun.proxy.$Proxy22.getText(Unknown Source)
	at uk.co.library.utility.Utility.getTextFromElement(Utility.java:41)
	at uk.co.library.utility.Utility.verifyElementText(Utility.java:351)
	at uk.co.library.pages.ResultPage.verifyTheResults(ResultPage.java:33)
	at uk.co.library.steps.JobSearchTestSteps.iVerifyTheResult(JobSearchTestSteps.java:62)
	at ✽.Then I verify the Result "Permanent Software Developer jobs in London"(JobSearchTest.feature:17)
</pre></pre></td>
                                                    </tr>
                                        </tbody>
                                    </table>
                                </div>
                            </div>
                        </li>
                </ul>
        </div>
    </div>

    <div class='subview-right left'>
        <div class='view-summary'>
            <h5 class='exception-name'></h5>
        </div>
    </div>
</div>
<!-- exception view -->
<div id='dashboard-view' class='view hide'>
	<div class='card-panel transparent np-v'>
		<h5>Dashboard</h5>

		<div class='row'>
			<div class='col s2'>
				<div class='card-panel r'>
					Features
					<div class='panel-lead'>1</div>
				</div>
			</div>
			<div class='col s2'>
				<div class='card-panel r'>
					Scenarios
					<div class='panel-lead'>7</div>
				</div>
			</div>
			<div class='col s2'>
				<div class='card-panel r'>
					Steps
					<div class='panel-lead'>77</div>
				</div>
			</div>
			<div class='col s2'>
				<div class='card-panel r'>
					Start
					<div class='panel-lead'>May 20, 2022 01:14:59 PM</div>
				</div>
			</div>
			<div class='col s2'>
				<div class='card-panel r'>
			 		End
			 		<div class='panel-lead'>May 20, 2022 01:21:14 PM</div>
				</div>
			</div>
			<div class='col s2'>
				<div class='card-panel r'>
					Time Taken
					<div class='panel-lead'>374,801ms</div>
				</div>
			</div>
			<div class='col s4'>
				<div class='card-panel dashboard-environment'>
					<span class='right label cyan white-text'>Environment</span><p>&nbsp;</p>
					
					<table>
						<tr>
							<th>Name</th>
							<th>Value</th>
						</tr>
							<tr>
								<td>User Name</td>
								<td>Sanket Desai</td>
							</tr>
							<tr>
								<td>Time Zone</td>
								<td>Europe/London</td>
							</tr>
							<tr>
								<td>Machine</td>
								<td>Windows 1064 Bit</td>
							</tr>
							<tr>
								<td>Selenium</td>
								<td>3.141.59</td>
							</tr>
							<tr>
								<td>Maven</td>
								<td>3.5.9</td>
							</tr>
							<tr>
								<td>Java Version</td>
								<td>1.8.0_151</td>
							</tr>
					</table>
				</div>
			</div>
			<div class='col s6'>
				<div class='card-panel dashboard-categories'>
					<span class='right label cyan white-text'>Categories</span><p>&nbsp;</p>
					
					<table>
						<tr>
							<th>Name</th>
							<th>Passed</th>
							<th>Failed</th>
							<th>Others</th>
							<th>Passed %</th>
						</tr>
						<tr>
							<td>@Regression</td>
							<td>0</td>
							<td>7</td>
							<td>0</td>
							<td>
									0%
							</td>
						</tr>
					</table>
				</div>
			</div>
		</div>
	</div>
</div>
<!-- dashboard view -->
<!-- testrunner-logs view -->
		</div>
		<!-- container -->

		<script>
			var statusGroup = {
				passParent: 0,
				failParent: 1,
				fatalParent: 0,
				errorParent: 0,
				warningParent: 0,
				skipParent: 0,
				exceptionsParent: 1,
				
				passChild: 0,
				failChild: 7,
				fatalChild: 0,
				errorChild: 0,
				warningChild: 0,
				skipChild: 0,
				infoChild: 0,
				exceptionsChild: 7,
				
				passGrandChild: 70,
				failGrandChild: 7,
				fatalGrandChild: 0,
				errorGrandChild: 0,
				warningGrandChild: 0,
				skipGrandChild: 0,
				infoGrandChild: 0,
				exceptionsGrandChild: 7,
			};
		</script>
		
			<script src='https://cdn.rawgit.com/anshooarora/extentreports-java/fca20fb7653aade98810546ab96a2a4360e3e712/dist/js/extent.js' type='text/javascript'></script>
		
		
 		<script type='text/javascript'>
 			
            
        $(document).ready(function() {

        });
      
        
 		</script>
	</body>
	
</html>
